<?xml version="1.0" encoding="UTF-8"?>
<testng-results ignored="0" total="1" passed="1" failed="0" skipped="0">
  <reporter-output>
  </reporter-output>
  <suite started-at="2023-01-09T06:02:07 GST" name="Suite" finished-at="2023-01-09T06:04:05 GST" duration-ms="117838">
    <groups>
    </groups>
    <test started-at="2023-01-09T06:02:07 GST" name="Test" finished-at="2023-01-09T06:04:05 GST" duration-ms="117838">
      <class name="Mindpool.Tests.EndToEndTest">
        <test-method is-config="true" signature="launchApplication()[pri:0, instance:Mindpool.Tests.EndToEndTest@4a003cbe]" started-at="2023-01-09T06:02:08 GST" name="launchApplication" finished-at="2023-01-09T06:02:18 GST" duration-ms="10341" status="PASS">
          <reporter-output>
          </reporter-output>
        </test-method> <!-- launchApplication -->
        <test-method signature="submitInsurance(java.util.HashMap)[pri:0, instance:Mindpool.Tests.EndToEndTest@4a003cbe]" started-at="2023-01-09T06:02:18 GST" name="submitInsurance" data-provider="getData" finished-at="2023-01-09T06:04:05 GST" duration-ms="106805" status="PASS">
          <params>
            <param index="0">
              <value>
                <![CDATA[{depmonthNumber=2, lastName=Rajendran, country=India, coverSelect=Elite, expiryYear=2039, title=Miss, coverageOption=Individual, depmonth=Feb, travellerNumber=1, coverType=Single Trip, cvvNumber=123, passportPath=C:\Users\R Girija\Documents\Girija\FileUpload.exe, dobDate=17, depdate=3, email=girija@gmail.com, resident=Yes, passportNo=ABC1234, returndate=15, expiryMonth=01, returnmonthNumber=2, firstName=Girija, phoneNumber=6734567, creditCardNumber=4434260000000008, returnmonth=Feb, dobYear=1993, dobMonth=Jan, travellerType=Adult}]]>
              </value>
            </param>
          </params>
          <reporter-output>
          </reporter-output>
        </test-method> <!-- submitInsurance -->
        <test-method is-config="true" signature="tearDown()[pri:0, instance:Mindpool.Tests.EndToEndTest@4a003cbe]" started-at="2023-01-09T06:04:05 GST" name="tearDown" finished-at="2023-01-09T06:04:05 GST" duration-ms="211" status="PASS">
          <reporter-output>
          </reporter-output>
        </test-method> <!-- tearDown -->
      </class> <!-- Mindpool.Tests.EndToEndTest -->
    </test> <!-- Test -->
  </suite> <!-- Suite -->
</testng-results>
